<html>
<head>
<title>TestNG:  Suite Test4</title>
<link href="../testng.css" rel="stylesheet" type="text/css" />
<link href="../my-testng.css" rel="stylesheet" type="text/css" />

<style type="text/css">
.log { display: none;} 
.stack-trace { display: none;} 
</style>
<script type="text/javascript">
<!--
function flip(e) {
  current = e.style.display;
  if (current == 'block') {
    e.style.display = 'none';
    return 0;
  }
  else {
    e.style.display = 'block';
    return 1;
  }
}

function toggleBox(szDivId, elem, msg1, msg2)
{
  var res = -1;  if (document.getElementById) {
    res = flip(document.getElementById(szDivId));
  }
  else if (document.all) {
    // this is the way old msie versions work
    res = flip(document.all[szDivId]);
  }
  if(elem) {
    if(res == 0) elem.innerHTML = msg1; else elem.innerHTML = msg2;
  }

}

function toggleAllBoxes() {
  if (document.getElementsByTagName) {
    d = document.getElementsByTagName('div');
    for (i = 0; i < d.length; i++) {
      if (d[i].className == 'log') {
        flip(d[i]);
      }
    }
  }
}

// -->
</script>

</head>
<body>
<h2 align='center'>Suite Test4</h2><table border='1' align="center">
<tr>
<td>Tests passed/Failed/Skipped:</td><td>0/1/0</td>
</tr><tr>
<td>Started on:</td><td>Tue Jan 17 10:03:55 IST 2023</td>
</tr>
<tr><td>Total time:</td><td>139 seconds (139997 ms)</td>
</tr><tr>
<td>Included groups:</td><td></td>
</tr><tr>
<td>Excluded groups:</td><td></td>
</tr>
</table><p/>
<small><i>(Hover the method name to see the test class name)</i></small><p/>
<table width='100%' border='1' class='invocation-failed'>
<tr><td colspan='4' align='center'><b>FAILED TESTS</b></td></tr>
<tr><td><b>Test method</b></td>
<td width="30%"><b>Exception</b></td>
<td width="10%"><b>Time (seconds)</b></td>
<td><b>Instance</b></td>
</tr>
<tr>
<td title='com.absli.testcases.EndToEndProposerSameDigishieldTest.CompleteJourneyProposerSameNonSmoker10PayAnnual()'><b>CompleteJourneyProposerSameNonSmoker10PayAnnual</b><br>Test class: com.absli.testcases.EndToEndProposerSameDigishieldTest<br>Test method: TEST-1644 ||<br>Parameters: IN201201, str, 12345678901234, YES, NO, 9860656568, ATUPP1747N, Ms., SRIDEVI, 19, 6, 1982, 123456, ABSLI Digishield Plan, Non Smoker, 500000.0, Level Cover Option, 10, 20, , , , , , Annual, Select, 5,00,000, NO, Critical Illness, YES, inven12345, ICIC0002505, 250501504746, NO, savings, Direct Bill, On Premium Due Date, Salary, Test, Test, 10, 7, 1997, Male, Brother, 100, Test, Test, 01, 02, 1997, male, Father, 413506.0, NO, 413501.0, Residential Address, abcd, abcd, abcd, English, 9.56100179E9, 2.47225179E9, nikhilg6969@gmail.com, Single, satish, Maya, ramesh, Want to Apply, National Insurance Policy Repository, NO, TEST, Graduate, Service, rakesh, Business, Partnership, TEST, 500000.0, bsc123, 500000.0, NO, 1.2345678E7, NO, Test, 1.2345678E7, 2010.0, Test, 5000.0, Active, NO, NO, Protection, Child's Education, Wealth Creation, 55, NO, 10, YES, Alcohol Consumption, Test, Wine, 10, Daily, Hobby, 2, Self, NO, Chronic DisOrder, Test, Living, 50, OK/Good, NO, YES, Living, 50, OK/Good, NO, Cough, Test, NO, Future Travel, 10, 10, 2020, YES, YES, NO, Ailments, BREATHING ISSUES, All, Demo, 10102020, 20102020, YES, NO, Cheque, 12345678901234, 20, 10, 2022, KKBK0000631, NO, 123456789, 3500, YES, Aadhaar Card, Audited Business financial, YES, YES, TEST, Relative, 10, 5, YES, YES, YES, YES</td>
<td><div><pre>org.openqa.selenium.ElementClickInterceptedException: element click intercepted: Element &lt;button class=&quot;MuiButtonBase-root MuiToggleButton-root MuiToggleButtonGroup-grouped MuiToggleButtonGroup-groupedHorizontal jss876&quot; tabindex=&quot;0&quot; type=&quot;button&quot; value=&quot;Direct Bill&quot; aria-pressed=&quot;false&quot; name=&quot;paymentMethod&quot;&gt;...&lt;/button&gt; is not clickable at point (768, 330). Other element would receive the click: &lt;div class=&quot;MuiDialogContent-root jss891 MuiDialogContent-dividers&quot;&gt;...&lt;/div&gt;
  (Session info: chrome=109.0.5414.74)
Build info: version: &apos;3.14.0&apos;, revision: &apos;aacccce0&apos;, time: &apos;2018-08-02T20:19:58.91Z&apos;
System info: host: &apos;LAPTOP-8KATJP3L&apos;, ip: &apos;192.168.1.186&apos;, os.name: &apos;Windows 11&apos;, os.arch: &apos;amd64&apos;, os.version: &apos;10.0&apos;, java.version: &apos;18.0.2.1&apos;
Driver info: org.openqa.selenium.chrome.ChromeDriver
Capabilities {acceptInsecureCerts: false, browserName: chrome, browserVersion: 109.0.5414.74, chrome: {chromedriverVersion: 109.0.5414.74 (e7c5703604da..., userDataDir: C:\Users\Admin\AppData\Loca...}, goog:chromeOptions: {debuggerAddress: localhost:58320}, javascriptEnabled: true, networkConnectionEnabled: false, pageLoadStrategy: normal, platform: WINDOWS, platformName: WINDOWS, proxy: Proxy(), setWindowRect: true, strictFileInteractability: false, timeouts: {implicit: 0, pageLoad: 300000, script: 30000}, unhandledPromptBehavior: dismiss and notify, webauthn:extension:credBlob: true, webauthn:extension:largeBlob: true, webauthn:virtualAuthenticators: true}
Session ID: 438e5290350dff569f0c5b6a5c662e4c
	at org.openqa.selenium.remote.http.W3CHttpResponseCodec.createException(W3CHttpResponseCodec.java:187)
	at org.openqa.selenium.remote.http.W3CHttpResponseCodec.decode(W3CHttpResponseCodec.java:122)
	at org.openqa.selenium.remote.http.W3CHttpResponseCodec.decode(W3CHttpResponseCodec.java:49)
	at org.openqa.selenium.remote.HttpCommandExecutor.execute(HttpCommandExecutor.java:158)
	at org.openqa.selenium.remote.service.DriverCommandExecutor.execute(DriverCommandExecutor.java:83)
	at org.openqa.selenium.remote.RemoteWebDriver.execute(RemoteWebDriver.java:548)
	at org.openqa.selenium.remote.RemoteWebElement.execute(RemoteWebElement.java:276)
	at org.openqa.selenium.remote.RemoteWebElement.click(RemoteWebElement.java:83)
	at com.absli.pageObjects.BankDetails.ClickPaymentMethodweb(BankDetails.java:207)
	at Utils.TestFactory.gotoProposerSameEndtoEndFlowweb(TestFactory.java:12802)
	at com.absli.testcases.EndToEndProposerSameDigishieldTest.CompleteJourneyProposerSameNonSmoker10PayAnnual(EndToEndProposerSameDigishieldTest.java:339)
	at java.base/java.util.concurrent.FutureTask.run(FutureTask.java:264)
	at java.base/java.util.concurrent.ThreadPoolExecutor.runWorker(ThreadPoolExecutor.java:1136)
	at java.base/java.util.concurrent.ThreadPoolExecutor$Worker.run(ThreadPoolExecutor.java:635)
	at java.base/java.lang.Thread.run(Thread.java:833)
... Removed 17 stack frames</pre></div><a href='#' onClick='toggleBox("stack-trace360357335", this, "Click to show all stack frames", "Click to hide stack frames")'>Click to show all stack frames</a>
<div class='stack-trace' id='stack-trace360357335'><pre>org.openqa.selenium.ElementClickInterceptedException: element click intercepted: Element &lt;button class=&quot;MuiButtonBase-root MuiToggleButton-root MuiToggleButtonGroup-grouped MuiToggleButtonGroup-groupedHorizontal jss876&quot; tabindex=&quot;0&quot; type=&quot;button&quot; value=&quot;Direct Bill&quot; aria-pressed=&quot;false&quot; name=&quot;paymentMethod&quot;&gt;...&lt;/button&gt; is not clickable at point (768, 330). Other element would receive the click: &lt;div class=&quot;MuiDialogContent-root jss891 MuiDialogContent-dividers&quot;&gt;...&lt;/div&gt;
  (Session info: chrome=109.0.5414.74)
Build info: version: &apos;3.14.0&apos;, revision: &apos;aacccce0&apos;, time: &apos;2018-08-02T20:19:58.91Z&apos;
System info: host: &apos;LAPTOP-8KATJP3L&apos;, ip: &apos;192.168.1.186&apos;, os.name: &apos;Windows 11&apos;, os.arch: &apos;amd64&apos;, os.version: &apos;10.0&apos;, java.version: &apos;18.0.2.1&apos;
Driver info: org.openqa.selenium.chrome.ChromeDriver
Capabilities {acceptInsecureCerts: false, browserName: chrome, browserVersion: 109.0.5414.74, chrome: {chromedriverVersion: 109.0.5414.74 (e7c5703604da..., userDataDir: C:\Users\Admin\AppData\Loca...}, goog:chromeOptions: {debuggerAddress: localhost:58320}, javascriptEnabled: true, networkConnectionEnabled: false, pageLoadStrategy: normal, platform: WINDOWS, platformName: WINDOWS, proxy: Proxy(), setWindowRect: true, strictFileInteractability: false, timeouts: {implicit: 0, pageLoad: 300000, script: 30000}, unhandledPromptBehavior: dismiss and notify, webauthn:extension:credBlob: true, webauthn:extension:largeBlob: true, webauthn:virtualAuthenticators: true}
Session ID: 438e5290350dff569f0c5b6a5c662e4c
	at java.base/jdk.internal.reflect.DirectConstructorHandleAccessor.newInstance(DirectConstructorHandleAccessor.java:67)
	at java.base/java.lang.reflect.Constructor.newInstanceWithCaller(Constructor.java:499)
	at java.base/java.lang.reflect.Constructor.newInstance(Constructor.java:483)
	at org.openqa.selenium.remote.http.W3CHttpResponseCodec.createException(W3CHttpResponseCodec.java:187)
	at org.openqa.selenium.remote.http.W3CHttpResponseCodec.decode(W3CHttpResponseCodec.java:122)
	at org.openqa.selenium.remote.http.W3CHttpResponseCodec.decode(W3CHttpResponseCodec.java:49)
	at org.openqa.selenium.remote.HttpCommandExecutor.execute(HttpCommandExecutor.java:158)
	at org.openqa.selenium.remote.service.DriverCommandExecutor.execute(DriverCommandExecutor.java:83)
	at org.openqa.selenium.remote.RemoteWebDriver.execute(RemoteWebDriver.java:548)
	at org.openqa.selenium.remote.RemoteWebElement.execute(RemoteWebElement.java:276)
	at org.openqa.selenium.remote.RemoteWebElement.click(RemoteWebElement.java:83)
	at com.absli.pageObjects.BankDetails.ClickPaymentMethodweb(BankDetails.java:207)
	at Utils.TestFactory.gotoProposerSameEndtoEndFlowweb(TestFactory.java:12802)
	at com.absli.testcases.EndToEndProposerSameDigishieldTest.CompleteJourneyProposerSameNonSmoker10PayAnnual(EndToEndProposerSameDigishieldTest.java:339)
	at java.base/jdk.internal.reflect.DirectMethodHandleAccessor.invoke(DirectMethodHandleAccessor.java:104)
	at java.base/java.lang.reflect.Method.invoke(Method.java:577)
	at org.testng.internal.MethodInvocationHelper.invokeMethod(MethodInvocationHelper.java:108)
	at org.testng.internal.Invoker.invokeMethod(Invoker.java:661)
	at org.testng.internal.Invoker.invokeTestMethod(Invoker.java:869)
	at org.testng.internal.Invoker.invokeTestMethods(Invoker.java:1193)
	at org.testng.internal.TestMethodWorker.invokeTestMethods(TestMethodWorker.java:126)
	at org.testng.internal.TestMethodWorker.run(TestMethodWorker.java:109)
	at org.testng.TestRunner.privateRun(TestRunner.java:744)
	at org.testng.TestRunner.run(TestRunner.java:602)
	at org.testng.SuiteRunner.runTest(SuiteRunner.java:380)
	at org.testng.SuiteRunner.access$000(SuiteRunner.java:39)
	at org.testng.SuiteRunner$SuiteWorker.run(SuiteRunner.java:414)
	at org.testng.internal.thread.ThreadUtil$1.call(ThreadUtil.java:52)
	at java.base/java.util.concurrent.FutureTask.run(FutureTask.java:264)
	at java.base/java.util.concurrent.ThreadPoolExecutor.runWorker(ThreadPoolExecutor.java:1136)
	at java.base/java.util.concurrent.ThreadPoolExecutor$Worker.run(ThreadPoolExecutor.java:635)
	at java.base/java.lang.Thread.run(Thread.java:833)
</pre></div></td>
<td>110</td>
<td>com.absli.testcases.EndToEndProposerSameDigishieldTest@209da20d</td></tr>
</table><p>
</body>
</html>