<?xml version="1.0" encoding="UTF-8"?>
<!-- Generated by org.testng.reporters.JUnitXMLReporter -->
<testsuite ignored="3" hostname="LAPTOP-8KATJP3L" failures="1" tests="1" name="Suite Test2" time="64.351" errors="0" timestamp="27 Jan 2023 06:25:49 GMT">
  <testcase classname="com.absli.testcases.EndToEndProposerMajorGuaranteedMilestoneTest" name="EndToEndMajorGMPWeb3" time="24.472">
    <failure type="org.openqa.selenium.NoSuchElementException" message="no such element: Unable to locate element: {&amp;quot;method&amp;quot;:&amp;quot;xpath&amp;quot;,&amp;quot;selector&amp;quot;:&amp;quot;//button[@class=&amp;quot;MuiButtonBase-root MuiFab-root MuiSpeedDial-fab MuiFab-primary&amp;quot;]&amp;quot;}
  (Session info: chrome=109.0.5414.75)
For documentation on this error, please visit: http://seleniumhq.org/exceptions/no_such_element.html
Build info: version: &amp;apos;3.14.0&amp;apos;, revision: &amp;apos;aacccce0&amp;apos;, time: &amp;apos;2018-08-02T20:19:58.91Z&amp;apos;
System info: host: &amp;apos;LAPTOP-8KATJP3L&amp;apos;, ip: &amp;apos;192.168.1.187&amp;apos;, os.name: &amp;apos;Windows 11&amp;apos;, os.arch: &amp;apos;amd64&amp;apos;, os.version: &amp;apos;10.0&amp;apos;, java.version: &amp;apos;18.0.2.1&amp;apos;
Driver info: org.openqa.selenium.chrome.ChromeDriver
Capabilities {acceptInsecureCerts: false, browserName: chrome, browserVersion: 109.0.5414.75, chrome: {chromedriverVersion: 109.0.5414.74 (e7c5703604da..., userDataDir: C:\Users\Admin\AppData\Loca...}, goog:chromeOptions: {debuggerAddress: localhost:55129}, javascriptEnabled: true, networkConnectionEnabled: false, pageLoadStrategy: normal, platform: WINDOWS, platformName: WINDOWS, proxy: Proxy(), setWindowRect: true, strictFileInteractability: false, timeouts: {implicit: 0, pageLoad: 300000, script: 30000}, unhandledPromptBehavior: dismiss and notify, webauthn:extension:credBlob: true, webauthn:extension:largeBlob: true, webauthn:virtualAuthenticators: true}
Session ID: 7d704416e25b6bdfe0e8108cda32f6ae
*** Element info: {Using=xpath, value=//button[@class=&amp;quot;MuiButtonBase-root MuiFab-root MuiSpeedDial-fab MuiFab-primary&amp;quot;]}">
      <![CDATA[org.openqa.selenium.NoSuchElementException: no such element: Unable to locate element: {"method":"xpath","selector":"//button[@class="MuiButtonBase-root MuiFab-root MuiSpeedDial-fab MuiFab-primary"]"}
  (Session info: chrome=109.0.5414.75)
For documentation on this error, please visit: http://seleniumhq.org/exceptions/no_such_element.html
Build info: version: '3.14.0', revision: 'aacccce0', time: '2018-08-02T20:19:58.91Z'
System info: host: 'LAPTOP-8KATJP3L', ip: '192.168.1.187', os.name: 'Windows 11', os.arch: 'amd64', os.version: '10.0', java.version: '18.0.2.1'
Driver info: org.openqa.selenium.chrome.ChromeDriver
Capabilities {acceptInsecureCerts: false, browserName: chrome, browserVersion: 109.0.5414.75, chrome: {chromedriverVersion: 109.0.5414.74 (e7c5703604da..., userDataDir: C:\Users\Admin\AppData\Loca...}, goog:chromeOptions: {debuggerAddress: localhost:55129}, javascriptEnabled: true, networkConnectionEnabled: false, pageLoadStrategy: normal, platform: WINDOWS, platformName: WINDOWS, proxy: Proxy(), setWindowRect: true, strictFileInteractability: false, timeouts: {implicit: 0, pageLoad: 300000, script: 30000}, unhandledPromptBehavior: dismiss and notify, webauthn:extension:credBlob: true, webauthn:extension:largeBlob: true, webauthn:virtualAuthenticators: true}
Session ID: 7d704416e25b6bdfe0e8108cda32f6ae
*** Element info: {Using=xpath, value=//button[@class="MuiButtonBase-root MuiFab-root MuiSpeedDial-fab MuiFab-primary"]}
	at org.openqa.selenium.remote.http.W3CHttpResponseCodec.createException(W3CHttpResponseCodec.java:187)
	at org.openqa.selenium.remote.http.W3CHttpResponseCodec.decode(W3CHttpResponseCodec.java:122)
	at org.openqa.selenium.remote.http.W3CHttpResponseCodec.decode(W3CHttpResponseCodec.java:49)
	at org.openqa.selenium.remote.HttpCommandExecutor.execute(HttpCommandExecutor.java:158)
	at org.openqa.selenium.remote.service.DriverCommandExecutor.execute(DriverCommandExecutor.java:83)
	at org.openqa.selenium.remote.RemoteWebDriver.execute(RemoteWebDriver.java:548)
	at org.openqa.selenium.remote.RemoteWebDriver.findElement(RemoteWebDriver.java:322)
	at org.openqa.selenium.remote.RemoteWebDriver.findElementByXPath(RemoteWebDriver.java:424)
	at org.openqa.selenium.By$ByXPath.findElement(By.java:353)
	at org.openqa.selenium.remote.RemoteWebDriver.findElement(RemoteWebDriver.java:314)
	at com.absli.pageObjects.Dashboard.clickPlusButtonWeb(Dashboard.java:81)
	at Utils.TestFactory.gotoEndToEndMajorGMPweb(TestFactory.java:46474)
	at com.absli.testcases.EndToEndProposerMajorGuaranteedMilestoneTest.EndToEndMajorGMPWeb3(EndToEndProposerMajorGuaranteedMilestoneTest.java:364)
	at java.base/java.util.concurrent.FutureTask.run(FutureTask.java:264)
	at java.base/java.util.concurrent.ThreadPoolExecutor.runWorker(ThreadPoolExecutor.java:1136)
	at java.base/java.util.concurrent.ThreadPoolExecutor$Worker.run(ThreadPoolExecutor.java:635)
	at java.base/java.lang.Thread.run(Thread.java:833)
... Removed 17 stack frames]]>
    </failure>
  </testcase> <!-- EndToEndMajorGMPWeb3 -->
  <testcase classname="com.absli.testcases.EndToEndProposerMajorGuaranteedMilestoneTest" name="EndToEndMajorGMPWeb2" time="0.0">
    <ignored/>
  </testcase> <!-- EndToEndMajorGMPWeb2 -->
  <testcase classname="com.absli.testcases.EndToEndProposerMajorGuaranteedMilestoneTest" name="EndToEndMajorGMPWeb1" time="0.0">
    <ignored/>
  </testcase> <!-- EndToEndMajorGMPWeb1 -->
  <testcase classname="com.absli.testcases.EndToEndProposerMajorGuaranteedMilestoneTest" name="EndToEndMajorGMPWeb" time="0.0">
    <ignored/>
  </testcase> <!-- EndToEndMajorGMPWeb -->
</testsuite> <!-- Suite Test2 -->
