<?xml version="1.0" encoding="UTF-8"?>
<!-- Generated by org.testng.reporters.JUnitReportReporter -->
<testsuite hostname="XE-GGN-IT-04731" failures="0" tests="1" name="com.absli.testcases.ViewQuoteTest" time="542.692" errors="1" timestamp="21 Feb 2023 06:50:55 GMT" skipped="0">
  <testcase classname="com.absli.testcases.ViewQuoteTest" name="generateIllustrationReadPDF" time="542.692">
    <error message="C" type="java.net.UnknownHostException">
      <![CDATA[java.net.UnknownHostException: C
	at java.base/sun.nio.ch.NioSocketImpl.connect(NioSocketImpl.java:564)
	at java.base/java.net.Socket.connect(Socket.java:633)
	at java.base/sun.net.ftp.impl.FtpClient.doConnect(FtpClient.java:1045)
	at java.base/sun.net.ftp.impl.FtpClient.tryConnect(FtpClient.java:1010)
	at java.base/sun.net.ftp.impl.FtpClient.connect(FtpClient.java:1102)
	at java.base/sun.net.ftp.impl.FtpClient.connect(FtpClient.java:1088)
	at java.base/sun.net.www.protocol.ftp.FtpURLConnection.connect(FtpURLConnection.java:318)
	at java.base/sun.net.www.protocol.ftp.FtpURLConnection.getInputStream(FtpURLConnection.java:424)
	at java.base/java.net.URL.openStream(URL.java:1161)
	at util.TestUtil.readFromPDF(TestUtil.java:196)
	at util.TestUtil.pdfUtil(TestUtil.java:184)
	at com.absli.testcases.ViewQuoteTest.generateIllustrationReadPDF(ViewQuoteTest.java:599)
	at java.base/jdk.internal.reflect.DirectMethodHandleAccessor.invoke(DirectMethodHandleAccessor.java:104)
	at java.base/java.lang.reflect.Method.invoke(Method.java:577)
	at org.testng.internal.MethodInvocationHelper.invokeMethod(MethodInvocationHelper.java:108)
	at org.testng.internal.Invoker.invokeMethod(Invoker.java:661)
	at org.testng.internal.Invoker.invokeTestMethod(Invoker.java:869)
	at org.testng.internal.Invoker.invokeTestMethods(Invoker.java:1193)
	at org.testng.internal.TestMethodWorker.invokeTestMethods(TestMethodWorker.java:126)
	at org.testng.internal.TestMethodWorker.run(TestMethodWorker.java:109)
	at org.testng.TestRunner.privateRun(TestRunner.java:744)
	at org.testng.TestRunner.run(TestRunner.java:602)
	at org.testng.SuiteRunner.runTest(SuiteRunner.java:380)
	at org.testng.SuiteRunner.access$000(SuiteRunner.java:39)
	at org.testng.SuiteRunner$SuiteWorker.run(SuiteRunner.java:414)
	at org.testng.internal.thread.ThreadUtil$1.call(ThreadUtil.java:52)
	at java.base/java.util.concurrent.FutureTask.run(FutureTask.java:264)
	at java.base/java.util.concurrent.ThreadPoolExecutor.runWorker(ThreadPoolExecutor.java:1136)
	at java.base/java.util.concurrent.ThreadPoolExecutor$Worker.run(ThreadPoolExecutor.java:635)
	at java.base/java.lang.Thread.run(Thread.java:833)
]]>
    </error>
  </testcase> <!-- generateIllustrationReadPDF -->
</testsuite> <!-- com.absli.testcases.ViewQuoteTest -->
